2024-08-14 13:49:55.175  INFO --- [           main] t.c.s.AnnotationConfigContextLoaderUtils : Could not detect default configuration classes for test class [de.telran.onlineshopforhomeandgarden1.OnlineShopForHomeAndGarden1ApplicationTests]: OnlineShopForHomeAndGarden1ApplicationTests does not declare any static, non-private, non-final, nested classes annotated with @Configuration.
2024-08-14 13:49:55.260  INFO --- [           main] .b.t.c.SpringBootTestContextBootstrapper : Found @SpringBootConfiguration de.telran.onlineshopforhomeandgarden1.OnlineShopForHomeAndGarden1Application for test class de.telran.onlineshopforhomeandgarden1.OnlineShopForHomeAndGarden1ApplicationTests
2024-08-14 13:49:55.539  INFO --- [kground-preinit] o.h.v.i.u.Version                        : HV000001: Hibernate Validator 8.0.1.Final
2024-08-14 13:49:55.561  INFO --- [           main] ineShopForHomeAndGarden1ApplicationTests : Starting OnlineShopForHomeAndGarden1ApplicationTests using Java 21.0.1 with PID 21371 (started by maria in /Users/maria/IdeaProjects/OnlineShopForHomeAndGarden)
2024-08-14 13:49:55.564  INFO --- [           main] ineShopForHomeAndGarden1ApplicationTests : No active profile set, falling back to 1 default profile: "default"
2024-08-14 13:49:56.069  INFO --- [           main] .s.d.r.c.RepositoryConfigurationDelegate : Bootstrapping Spring Data JPA repositories in DEFAULT mode.
2024-08-14 13:49:56.130  INFO --- [           main] .s.d.r.c.RepositoryConfigurationDelegate : Finished Spring Data repository scanning in 55 ms. Found 8 JPA repository interfaces.
2024-08-14 13:49:56.479  INFO --- [           main] c.z.h.HikariDataSource                   : HikariPool-1 - Starting...
2024-08-14 13:49:56.786  INFO --- [           main] c.z.h.p.HikariPool                       : HikariPool-1 - Added connection com.mysql.cj.jdbc.ConnectionImpl@17134190
2024-08-14 13:49:56.787  INFO --- [           main] c.z.h.HikariDataSource                   : HikariPool-1 - Start completed.
2024-08-14 13:49:57.245  INFO --- [           main] l.changelog                              : Reading from OnlineApp.databasechangelog
2024-08-14 13:49:57.269  INFO --- [           main] l.ui                                     : Database is up to date, no changesets to execute
2024-08-14 13:49:57.271  INFO --- [           main] l.changelog                              : Reading from OnlineApp.databasechangelog
2024-08-14 13:49:57.278  INFO --- [           main] l.util                                   : UPDATE SUMMARY
2024-08-14 13:49:57.278  INFO --- [           main] l.util                                   : Run:                          0
2024-08-14 13:49:57.278  INFO --- [           main] l.util                                   : Previously run:               2
2024-08-14 13:49:57.278  INFO --- [           main] l.util                                   : Filtered out:                 0
2024-08-14 13:49:57.279  INFO --- [           main] l.util                                   : -------------------------------
2024-08-14 13:49:57.279  INFO --- [           main] l.util                                   : Total change sets:            2
2024-08-14 13:49:57.280  INFO --- [           main] l.util                                   : Update summary generated
2024-08-14 13:49:57.294  INFO --- [           main] l.lockservice                            : Successfully released change log lock
2024-08-14 13:49:57.295  INFO --- [           main] l.command                                : Command execution complete
2024-08-14 13:49:57.359  INFO --- [           main] o.h.j.i.u.LogHelper                      : HHH000204: Processing PersistenceUnitInfo [name: default]
2024-08-14 13:49:57.418  INFO --- [           main] o.h.Version                              : HHH000412: Hibernate ORM core version 6.5.2.Final
2024-08-14 13:49:57.446  INFO --- [           main] o.h.c.i.RegionFactoryInitiator           : HHH000026: Second-level cache disabled
2024-08-14 13:49:57.699  INFO --- [           main] o.s.o.j.p.SpringPersistenceUnitInfo      : No LoadTimeWeaver setup: ignoring JPA class transformer
2024-08-14 13:49:58.602  INFO --- [           main] o.h.e.t.j.p.i.JtaPlatformInitiator       : HHH000489: No JTA platform available (set 'hibernate.transaction.jta.platform' to enable JTA platform integration)
2024-08-14 13:49:58.605  INFO --- [           main] j.LocalContainerEntityManagerFactoryBean : Initialized JPA EntityManagerFactory for persistence unit 'default'
2024-08-14 13:49:58.948  WARN --- [           main] JpaBaseConfiguration$JpaWebConfiguration : spring.jpa.open-in-view is enabled by default. Therefore, database queries may be performed during view rendering. Explicitly configure spring.jpa.open-in-view to disable this warning
2024-08-14 13:49:59.311  INFO --- [           main] ineShopForHomeAndGarden1ApplicationTests : Started OnlineShopForHomeAndGarden1ApplicationTests in 3.944 seconds (process running for 6.17)
2024-08-14 13:50:00.173  INFO --- [ionShutdownHook] j.LocalContainerEntityManagerFactoryBean : Closing JPA EntityManagerFactory for persistence unit 'default'
2024-08-14 13:50:00.176  INFO --- [ionShutdownHook] c.z.h.HikariDataSource                   : HikariPool-1 - Shutdown initiated...
2024-08-14 13:50:00.187  INFO --- [ionShutdownHook] c.z.h.HikariDataSource                   : HikariPool-1 - Shutdown completed.
2024-08-14 13:50:23.780  INFO --- [kground-preinit] o.h.v.i.u.Version                        : HV000001: Hibernate Validator 8.0.1.Final
2024-08-14 13:50:23.804  INFO --- [           main] o.OnlineShopForHomeAndGarden1Application : Starting OnlineShopForHomeAndGarden1Application using Java 21.0.1 with PID 21400 (/Users/maria/IdeaProjects/OnlineShopForHomeAndGarden/target/classes started by maria in /Users/maria/IdeaProjects/OnlineShopForHomeAndGarden)
2024-08-14 13:50:23.807  INFO --- [           main] o.OnlineShopForHomeAndGarden1Application : No active profile set, falling back to 1 default profile: "default"
2024-08-14 13:50:23.808 DEBUG --- [           main] o.s.b.SpringApplication                  : Loading source class de.telran.onlineshopforhomeandgarden1.OnlineShopForHomeAndGarden1Application
2024-08-14 13:50:23.833 DEBUG --- [           main] ConfigServletWebServerApplicationContext : Refreshing org.springframework.boot.web.servlet.context.AnnotationConfigServletWebServerApplicationContext@476aac9
2024-08-14 13:50:24.246  INFO --- [           main] .s.d.r.c.RepositoryConfigurationDelegate : Bootstrapping Spring Data JPA repositories in DEFAULT mode.
2024-08-14 13:50:24.302  INFO --- [           main] .s.d.r.c.RepositoryConfigurationDelegate : Finished Spring Data repository scanning in 51 ms. Found 8 JPA repository interfaces.
2024-08-14 13:50:24.628 DEBUG --- [           main] .s.b.w.e.t.TomcatServletWebServerFactory : Code archive: /Users/maria/.m2/repository/org/springframework/boot/spring-boot/3.3.2/spring-boot-3.3.2.jar
2024-08-14 13:50:24.628 DEBUG --- [           main] .s.b.w.e.t.TomcatServletWebServerFactory : Code archive: /Users/maria/.m2/repository/org/springframework/boot/spring-boot/3.3.2/spring-boot-3.3.2.jar
2024-08-14 13:50:24.629 DEBUG --- [           main] .s.b.w.e.t.TomcatServletWebServerFactory : None of the document roots [src/main/webapp, public, static] point to a directory and will be ignored.
2024-08-14 13:50:24.642  INFO --- [           main] o.s.b.w.e.t.TomcatWebServer              : Tomcat initialized with port 8080 (http)
2024-08-14 13:50:24.651  INFO --- [           main] o.a.c.h.Http11NioProtocol                : Initializing ProtocolHandler ["http-nio-8080"]
2024-08-14 13:50:24.652  INFO --- [           main] o.a.c.c.StandardService                  : Starting service [Tomcat]
2024-08-14 13:50:24.652  INFO --- [           main] o.a.c.c.StandardEngine                   : Starting Servlet engine: [Apache Tomcat/10.1.26]
2024-08-14 13:50:24.694  INFO --- [           main] o.a.c.c.C.[.[.[/]                        : Initializing Spring embedded WebApplicationContext
2024-08-14 13:50:24.694 DEBUG --- [           main] w.s.c.ServletWebServerApplicationContext : Published root WebApplicationContext as ServletContext attribute with name [org.springframework.web.context.WebApplicationContext.ROOT]
2024-08-14 13:50:24.694  INFO --- [           main] w.s.c.ServletWebServerApplicationContext : Root WebApplicationContext: initialization completed in 861 ms
2024-08-14 13:50:24.705 DEBUG --- [           main] o.s.b.w.s.ServletContextInitializerBeans : Mapping filters: characterEncodingFilter urls=[/*] order=-2147483648, formContentFilter urls=[/*] order=-9900, requestContextFilter urls=[/*] order=-105
2024-08-14 13:50:24.706 DEBUG --- [           main] o.s.b.w.s.ServletContextInitializerBeans : Mapping servlets: dispatcherServlet urls=[/]
2024-08-14 13:50:24.721 DEBUG --- [           main] o.s.b.w.s.f.OrderedRequestContextFilter  : Filter 'requestContextFilter' configured for use
2024-08-14 13:50:24.722 DEBUG --- [           main] s.b.w.s.f.OrderedCharacterEncodingFilter : Filter 'characterEncodingFilter' configured for use
2024-08-14 13:50:24.722 DEBUG --- [           main] o.s.b.w.s.f.OrderedFormContentFilter     : Filter 'formContentFilter' configured for use
2024-08-14 13:50:24.797  INFO --- [           main] c.z.h.HikariDataSource                   : HikariPool-1 - Starting...
2024-08-14 13:50:25.054  INFO --- [           main] c.z.h.p.HikariPool                       : HikariPool-1 - Added connection com.mysql.cj.jdbc.ConnectionImpl@2dcd0e41
2024-08-14 13:50:25.055  INFO --- [           main] c.z.h.HikariDataSource                   : HikariPool-1 - Start completed.
2024-08-14 13:50:25.441  INFO --- [           main] l.changelog                              : Reading from OnlineApp.databasechangelog
2024-08-14 13:50:25.462  INFO --- [           main] l.ui                                     : Database is up to date, no changesets to execute
2024-08-14 13:50:25.464  INFO --- [           main] l.changelog                              : Reading from OnlineApp.databasechangelog
2024-08-14 13:50:25.470  INFO --- [           main] l.util                                   : UPDATE SUMMARY
2024-08-14 13:50:25.470  INFO --- [           main] l.util                                   : Run:                          0
2024-08-14 13:50:25.471  INFO --- [           main] l.util                                   : Previously run:               2
2024-08-14 13:50:25.471  INFO --- [           main] l.util                                   : Filtered out:                 0
2024-08-14 13:50:25.471  INFO --- [           main] l.util                                   : -------------------------------
2024-08-14 13:50:25.471  INFO --- [           main] l.util                                   : Total change sets:            2
2024-08-14 13:50:25.472  INFO --- [           main] l.util                                   : Update summary generated
2024-08-14 13:50:25.486  INFO --- [           main] l.lockservice                            : Successfully released change log lock
2024-08-14 13:50:25.487  INFO --- [           main] l.command                                : Command execution complete
2024-08-14 13:50:25.542  INFO --- [           main] o.h.j.i.u.LogHelper                      : HHH000204: Processing PersistenceUnitInfo [name: default]
2024-08-14 13:50:25.582  INFO --- [           main] o.h.Version                              : HHH000412: Hibernate ORM core version 6.5.2.Final
2024-08-14 13:50:25.604  INFO --- [           main] o.h.c.i.RegionFactoryInitiator           : HHH000026: Second-level cache disabled
2024-08-14 13:50:25.823  INFO --- [           main] o.s.o.j.p.SpringPersistenceUnitInfo      : No LoadTimeWeaver setup: ignoring JPA class transformer
2024-08-14 13:50:26.608  INFO --- [           main] o.h.e.t.j.p.i.JtaPlatformInitiator       : HHH000489: No JTA platform available (set 'hibernate.transaction.jta.platform' to enable JTA platform integration)
2024-08-14 13:50:26.610  INFO --- [           main] j.LocalContainerEntityManagerFactoryBean : Initialized JPA EntityManagerFactory for persistence unit 'default'
2024-08-14 13:50:26.833  WARN --- [           main] JpaBaseConfiguration$JpaWebConfiguration : spring.jpa.open-in-view is enabled by default. Therefore, database queries may be performed during view rendering. Explicitly configure spring.jpa.open-in-view to disable this warning
2024-08-14 13:50:26.896 DEBUG --- [           main] s.w.s.m.m.a.RequestMappingHandlerMapping : 5 mappings in 'requestMappingHandlerMapping'
2024-08-14 13:50:26.953 DEBUG --- [           main] o.s.w.s.h.SimpleUrlHandlerMapping        : Patterns [/webjars/**, /**] in 'resourceHandlerMapping'
2024-08-14 13:50:26.977 DEBUG --- [           main] s.w.s.m.m.a.RequestMappingHandlerAdapter : ControllerAdvice beans: 0 @ModelAttribute, 0 @InitBinder, 1 RequestBodyAdvice, 1 ResponseBodyAdvice
2024-08-14 13:50:27.001 DEBUG --- [           main] .m.m.a.ExceptionHandlerExceptionResolver : ControllerAdvice beans: 0 @ExceptionHandler, 1 ResponseBodyAdvice
2024-08-14 13:50:27.021 DEBUG --- [           main] inMXBeanRegistrar$SpringApplicationAdmin : Application Admin MBean registered with name 'org.springframework.boot:type=Admin,name=SpringApplication'
2024-08-14 13:50:27.124  INFO --- [           main] o.a.c.h.Http11NioProtocol                : Starting ProtocolHandler ["http-nio-8080"]
2024-08-14 13:50:27.145  INFO --- [           main] o.s.b.w.e.t.TomcatWebServer              : Tomcat started on port 8080 (http) with context path '/'
2024-08-14 13:50:27.151  INFO --- [           main] o.OnlineShopForHomeAndGarden1Application : Started OnlineShopForHomeAndGarden1Application in 3.587 seconds (process running for 4.801)
2024-08-14 13:50:27.152 DEBUG --- [           main] o.s.b.a.ApplicationAvailabilityBean      : Application availability state LivenessState changed to CORRECT
2024-08-14 13:50:27.153 DEBUG --- [           main] o.s.b.a.ApplicationAvailabilityBean      : Application availability state ReadinessState changed to ACCEPTING_TRAFFIC
2024-08-14 13:56:08.984  INFO --- [kground-preinit] o.h.v.i.u.Version                        : HV000001: Hibernate Validator 8.0.1.Final
2024-08-14 13:56:09.009  INFO --- [           main] o.OnlineShopForHomeAndGarden1Application : Starting OnlineShopForHomeAndGarden1Application using Java 21.0.1 with PID 21569 (/Users/maria/IdeaProjects/OnlineShopForHomeAndGarden/target/classes started by maria in /Users/maria/IdeaProjects/OnlineShopForHomeAndGarden)
2024-08-14 13:56:09.012  INFO --- [           main] o.OnlineShopForHomeAndGarden1Application : No active profile set, falling back to 1 default profile: "default"
2024-08-14 13:56:09.013 DEBUG --- [           main] o.s.b.SpringApplication                  : Loading source class de.telran.onlineshopforhomeandgarden1.OnlineShopForHomeAndGarden1Application
2024-08-14 13:56:09.037 DEBUG --- [           main] ConfigServletWebServerApplicationContext : Refreshing org.springframework.boot.web.servlet.context.AnnotationConfigServletWebServerApplicationContext@30ed9c6c
2024-08-14 13:56:09.465  INFO --- [           main] .s.d.r.c.RepositoryConfigurationDelegate : Bootstrapping Spring Data JPA repositories in DEFAULT mode.
2024-08-14 13:56:09.520  INFO --- [           main] .s.d.r.c.RepositoryConfigurationDelegate : Finished Spring Data repository scanning in 49 ms. Found 8 JPA repository interfaces.
2024-08-14 13:56:09.850 DEBUG --- [           main] .s.b.w.e.t.TomcatServletWebServerFactory : Code archive: /Users/maria/.m2/repository/org/springframework/boot/spring-boot/3.3.2/spring-boot-3.3.2.jar
2024-08-14 13:56:09.851 DEBUG --- [           main] .s.b.w.e.t.TomcatServletWebServerFactory : Code archive: /Users/maria/.m2/repository/org/springframework/boot/spring-boot/3.3.2/spring-boot-3.3.2.jar
2024-08-14 13:56:09.851 DEBUG --- [           main] .s.b.w.e.t.TomcatServletWebServerFactory : None of the document roots [src/main/webapp, public, static] point to a directory and will be ignored.
2024-08-14 13:56:09.864  INFO --- [           main] o.s.b.w.e.t.TomcatWebServer              : Tomcat initialized with port 8080 (http)
2024-08-14 13:56:09.873  INFO --- [           main] o.a.c.h.Http11NioProtocol                : Initializing ProtocolHandler ["http-nio-8080"]
2024-08-14 13:56:09.874  INFO --- [           main] o.a.c.c.StandardService                  : Starting service [Tomcat]
2024-08-14 13:56:09.875  INFO --- [           main] o.a.c.c.StandardEngine                   : Starting Servlet engine: [Apache Tomcat/10.1.26]
2024-08-14 13:56:09.908  INFO --- [           main] o.a.c.c.C.[.[.[/]                        : Initializing Spring embedded WebApplicationContext
2024-08-14 13:56:09.908 DEBUG --- [           main] w.s.c.ServletWebServerApplicationContext : Published root WebApplicationContext as ServletContext attribute with name [org.springframework.web.context.WebApplicationContext.ROOT]
2024-08-14 13:56:09.909  INFO --- [           main] w.s.c.ServletWebServerApplicationContext : Root WebApplicationContext: initialization completed in 871 ms
2024-08-14 13:56:09.920 DEBUG --- [           main] o.s.b.w.s.ServletContextInitializerBeans : Mapping filters: characterEncodingFilter urls=[/*] order=-2147483648, formContentFilter urls=[/*] order=-9900, requestContextFilter urls=[/*] order=-105
2024-08-14 13:56:09.920 DEBUG --- [           main] o.s.b.w.s.ServletContextInitializerBeans : Mapping servlets: dispatcherServlet urls=[/]
2024-08-14 13:56:09.936 DEBUG --- [           main] o.s.b.w.s.f.OrderedRequestContextFilter  : Filter 'requestContextFilter' configured for use
2024-08-14 13:56:09.938 DEBUG --- [           main] s.b.w.s.f.OrderedCharacterEncodingFilter : Filter 'characterEncodingFilter' configured for use
2024-08-14 13:56:09.938 DEBUG --- [           main] o.s.b.w.s.f.OrderedFormContentFilter     : Filter 'formContentFilter' configured for use
2024-08-14 13:56:10.015  INFO --- [           main] c.z.h.HikariDataSource                   : HikariPool-1 - Starting...
2024-08-14 13:56:10.276  INFO --- [           main] c.z.h.p.HikariPool                       : HikariPool-1 - Added connection com.mysql.cj.jdbc.ConnectionImpl@203b953c
2024-08-14 13:56:10.277  INFO --- [           main] c.z.h.HikariDataSource                   : HikariPool-1 - Start completed.
2024-08-14 13:56:10.688  INFO --- [           main] l.changelog                              : Reading from OnlineApp.databasechangelog
2024-08-14 13:56:10.708  INFO --- [           main] l.ui                                     : Database is up to date, no changesets to execute
2024-08-14 13:56:10.710  INFO --- [           main] l.changelog                              : Reading from OnlineApp.databasechangelog
2024-08-14 13:56:10.716  INFO --- [           main] l.util                                   : UPDATE SUMMARY
2024-08-14 13:56:10.716  INFO --- [           main] l.util                                   : Run:                          0
2024-08-14 13:56:10.717  INFO --- [           main] l.util                                   : Previously run:               2
2024-08-14 13:56:10.717  INFO --- [           main] l.util                                   : Filtered out:                 0
2024-08-14 13:56:10.717  INFO --- [           main] l.util                                   : -------------------------------
2024-08-14 13:56:10.717  INFO --- [           main] l.util                                   : Total change sets:            2
2024-08-14 13:56:10.718  INFO --- [           main] l.util                                   : Update summary generated
2024-08-14 13:56:10.731  INFO --- [           main] l.lockservice                            : Successfully released change log lock
2024-08-14 13:56:10.732  INFO --- [           main] l.command                                : Command execution complete
2024-08-14 13:56:10.785  INFO --- [           main] o.h.j.i.u.LogHelper                      : HHH000204: Processing PersistenceUnitInfo [name: default]
2024-08-14 13:56:10.823  INFO --- [           main] o.h.Version                              : HHH000412: Hibernate ORM core version 6.5.2.Final
2024-08-14 13:56:10.846  INFO --- [           main] o.h.c.i.RegionFactoryInitiator           : HHH000026: Second-level cache disabled
2024-08-14 13:56:11.080  INFO --- [           main] o.s.o.j.p.SpringPersistenceUnitInfo      : No LoadTimeWeaver setup: ignoring JPA class transformer
2024-08-14 13:56:11.896  INFO --- [           main] o.h.e.t.j.p.i.JtaPlatformInitiator       : HHH000489: No JTA platform available (set 'hibernate.transaction.jta.platform' to enable JTA platform integration)
2024-08-14 13:56:11.899  INFO --- [           main] j.LocalContainerEntityManagerFactoryBean : Initialized JPA EntityManagerFactory for persistence unit 'default'
2024-08-14 13:56:12.140  WARN --- [           main] JpaBaseConfiguration$JpaWebConfiguration : spring.jpa.open-in-view is enabled by default. Therefore, database queries may be performed during view rendering. Explicitly configure spring.jpa.open-in-view to disable this warning
2024-08-14 13:56:12.212 DEBUG --- [           main] s.w.s.m.m.a.RequestMappingHandlerMapping : 5 mappings in 'requestMappingHandlerMapping'
2024-08-14 13:56:12.275 DEBUG --- [           main] o.s.w.s.h.SimpleUrlHandlerMapping        : Patterns [/webjars/**, /**] in 'resourceHandlerMapping'
2024-08-14 13:56:12.329 DEBUG --- [           main] s.w.s.m.m.a.RequestMappingHandlerAdapter : ControllerAdvice beans: 0 @ModelAttribute, 0 @InitBinder, 1 RequestBodyAdvice, 1 ResponseBodyAdvice
2024-08-14 13:56:12.358 DEBUG --- [           main] .m.m.a.ExceptionHandlerExceptionResolver : ControllerAdvice beans: 0 @ExceptionHandler, 1 ResponseBodyAdvice
2024-08-14 13:56:12.384 DEBUG --- [           main] inMXBeanRegistrar$SpringApplicationAdmin : Application Admin MBean registered with name 'org.springframework.boot:type=Admin,name=SpringApplication'
2024-08-14 13:56:12.477  INFO --- [           main] o.a.c.h.Http11NioProtocol                : Starting ProtocolHandler ["http-nio-8080"]
2024-08-14 13:56:12.481  WARN --- [           main] ConfigServletWebServerApplicationContext : Exception encountered during context initialization - cancelling refresh attempt: org.springframework.context.ApplicationContextException: Failed to start bean 'webServerStartStop'
2024-08-14 13:56:12.483  INFO --- [           main] j.LocalContainerEntityManagerFactoryBean : Closing JPA EntityManagerFactory for persistence unit 'default'
2024-08-14 13:56:12.484  INFO --- [           main] c.z.h.HikariDataSource                   : HikariPool-1 - Shutdown initiated...
2024-08-14 13:56:12.489  INFO --- [           main] c.z.h.HikariDataSource                   : HikariPool-1 - Shutdown completed.
2024-08-14 13:56:12.496  INFO --- [           main] .s.b.a.l.ConditionEvaluationReportLogger : 

Error starting ApplicationContext. To display the condition evaluation report re-run your application with 'debug' enabled.
2024-08-14 13:56:12.507 DEBUG --- [           main] o.s.b.d.LoggingFailureAnalysisReporter   : Application failed to start due to an exception
org.springframework.boot.web.server.PortInUseException: Port 8080 is already in use
	at org.springframework.boot.web.server.PortInUseException.lambda$throwIfPortBindingException$0(PortInUseException.java:70)
	at org.springframework.boot.web.server.PortInUseException.lambda$ifPortBindingException$1(PortInUseException.java:85)
	at org.springframework.boot.web.server.PortInUseException.ifCausedBy(PortInUseException.java:103)
	at org.springframework.boot.web.server.PortInUseException.ifPortBindingException(PortInUseException.java:82)
	at org.springframework.boot.web.server.PortInUseException.throwIfPortBindingException(PortInUseException.java:69)
	at org.springframework.boot.web.embedded.tomcat.TomcatWebServer.start(TomcatWebServer.java:250)
	at org.springframework.boot.web.servlet.context.WebServerStartStopLifecycle.start(WebServerStartStopLifecycle.java:44)
	at org.springframework.context.support.DefaultLifecycleProcessor.doStart(DefaultLifecycleProcessor.java:285)
	at org.springframework.context.support.DefaultLifecycleProcessor$LifecycleGroup.start(DefaultLifecycleProcessor.java:469)
	at java.base/java.lang.Iterable.forEach(Iterable.java:75)
	at org.springframework.context.support.DefaultLifecycleProcessor.startBeans(DefaultLifecycleProcessor.java:257)
	at org.springframework.context.support.DefaultLifecycleProcessor.onRefresh(DefaultLifecycleProcessor.java:202)
	at org.springframework.context.support.AbstractApplicationContext.finishRefresh(AbstractApplicationContext.java:990)
	at org.springframework.context.support.AbstractApplicationContext.refresh(AbstractApplicationContext.java:628)
	at org.springframework.boot.web.servlet.context.ServletWebServerApplicationContext.refresh(ServletWebServerApplicationContext.java:146)
	at org.springframework.boot.SpringApplication.refresh(SpringApplication.java:754)
	at org.springframework.boot.SpringApplication.refreshContext(SpringApplication.java:456)
	at org.springframework.boot.SpringApplication.run(SpringApplication.java:335)
	at org.springframework.boot.SpringApplication.run(SpringApplication.java:1363)
	at org.springframework.boot.SpringApplication.run(SpringApplication.java:1352)
	at de.telran.onlineshopforhomeandgarden1.OnlineShopForHomeAndGarden1Application.main(OnlineShopForHomeAndGarden1Application.java:10)
Caused by: java.lang.IllegalArgumentException: standardService.connector.startFailed
	at org.apache.catalina.core.StandardService.addConnector(StandardService.java:222)
	at org.springframework.boot.web.embedded.tomcat.TomcatWebServer.addPreviouslyRemovedConnectors(TomcatWebServer.java:310)
	at org.springframework.boot.web.embedded.tomcat.TomcatWebServer.start(TomcatWebServer.java:236)
	... 15 more
Caused by: org.apache.catalina.LifecycleException: Protocol handler start failed
	at org.apache.catalina.connector.Connector.startInternal(Connector.java:1061)
	at org.apache.catalina.util.LifecycleBase.start(LifecycleBase.java:164)
	at org.apache.catalina.core.StandardService.addConnector(StandardService.java:219)
	... 17 more
Caused by: java.net.BindException: Address already in use
	at java.base/sun.nio.ch.Net.bind0(Native Method)
	at java.base/sun.nio.ch.Net.bind(Net.java:565)
	at java.base/sun.nio.ch.ServerSocketChannelImpl.netBind(ServerSocketChannelImpl.java:344)
	at java.base/sun.nio.ch.ServerSocketChannelImpl.bind(ServerSocketChannelImpl.java:301)
	at org.apache.tomcat.util.net.NioEndpoint.initServerSocket(NioEndpoint.java:239)
	at org.apache.tomcat.util.net.NioEndpoint.bind(NioEndpoint.java:194)
	at org.apache.tomcat.util.net.AbstractEndpoint.bindWithCleanup(AbstractEndpoint.java:1304)
	at org.apache.tomcat.util.net.AbstractEndpoint.start(AbstractEndpoint.java:1390)
	at org.apache.coyote.AbstractProtocol.start(AbstractProtocol.java:643)
	at org.apache.catalina.connector.Connector.startInternal(Connector.java:1058)
	... 19 more
2024-08-14 13:56:12.508 ERROR --- [           main] o.s.b.d.LoggingFailureAnalysisReporter   : 

***************************
APPLICATION FAILED TO START
***************************

Description:

Web server failed to start. Port 8080 was already in use.

Action:

Identify and stop the process that's listening on port 8080 or configure this application to listen on another port.

2024-08-14 13:56:29.314  INFO --- [           main] t.c.s.AnnotationConfigContextLoaderUtils : Could not detect default configuration classes for test class [de.telran.onlineshopforhomeandgarden1.OnlineShopForHomeAndGarden1ApplicationTests]: OnlineShopForHomeAndGarden1ApplicationTests does not declare any static, non-private, non-final, nested classes annotated with @Configuration.
2024-08-14 13:56:29.392  INFO --- [           main] .b.t.c.SpringBootTestContextBootstrapper : Found @SpringBootConfiguration de.telran.onlineshopforhomeandgarden1.OnlineShopForHomeAndGarden1Application for test class de.telran.onlineshopforhomeandgarden1.OnlineShopForHomeAndGarden1ApplicationTests
2024-08-14 13:56:29.646  INFO --- [kground-preinit] o.h.v.i.u.Version                        : HV000001: Hibernate Validator 8.0.1.Final
2024-08-14 13:56:29.672  INFO --- [           main] ineShopForHomeAndGarden1ApplicationTests : Starting OnlineShopForHomeAndGarden1ApplicationTests using Java 21.0.1 with PID 21590 (started by maria in /Users/maria/IdeaProjects/OnlineShopForHomeAndGarden)
2024-08-14 13:56:29.676  INFO --- [           main] ineShopForHomeAndGarden1ApplicationTests : No active profile set, falling back to 1 default profile: "default"
2024-08-14 13:56:30.189  INFO --- [           main] .s.d.r.c.RepositoryConfigurationDelegate : Bootstrapping Spring Data JPA repositories in DEFAULT mode.
2024-08-14 13:56:30.256  INFO --- [           main] .s.d.r.c.RepositoryConfigurationDelegate : Finished Spring Data repository scanning in 60 ms. Found 8 JPA repository interfaces.
2024-08-14 13:56:30.627  INFO --- [           main] c.z.h.HikariDataSource                   : HikariPool-1 - Starting...
2024-08-14 13:56:30.935  INFO --- [           main] c.z.h.p.HikariPool                       : HikariPool-1 - Added connection com.mysql.cj.jdbc.ConnectionImpl@4a660b34
2024-08-14 13:56:30.936  INFO --- [           main] c.z.h.HikariDataSource                   : HikariPool-1 - Start completed.
2024-08-14 13:56:31.386  INFO --- [           main] l.changelog                              : Reading from OnlineApp.databasechangelog
2024-08-14 13:56:31.410  INFO --- [           main] l.ui                                     : Database is up to date, no changesets to execute
2024-08-14 13:56:31.413  INFO --- [           main] l.changelog                              : Reading from OnlineApp.databasechangelog
2024-08-14 13:56:31.419  INFO --- [           main] l.util                                   : UPDATE SUMMARY
2024-08-14 13:56:31.419  INFO --- [           main] l.util                                   : Run:                          0
2024-08-14 13:56:31.420  INFO --- [           main] l.util                                   : Previously run:               2
2024-08-14 13:56:31.420  INFO --- [           main] l.util                                   : Filtered out:                 0
2024-08-14 13:56:31.420  INFO --- [           main] l.util                                   : -------------------------------
2024-08-14 13:56:31.420  INFO --- [           main] l.util                                   : Total change sets:            2
2024-08-14 13:56:31.421  INFO --- [           main] l.util                                   : Update summary generated
2024-08-14 13:56:31.436  INFO --- [           main] l.lockservice                            : Successfully released change log lock
2024-08-14 13:56:31.437  INFO --- [           main] l.command                                : Command execution complete
2024-08-14 13:56:31.501  INFO --- [           main] o.h.j.i.u.LogHelper                      : HHH000204: Processing PersistenceUnitInfo [name: default]
2024-08-14 13:56:31.565  INFO --- [           main] o.h.Version                              : HHH000412: Hibernate ORM core version 6.5.2.Final
2024-08-14 13:56:31.593  INFO --- [           main] o.h.c.i.RegionFactoryInitiator           : HHH000026: Second-level cache disabled
2024-08-14 13:56:31.879  INFO --- [           main] o.s.o.j.p.SpringPersistenceUnitInfo      : No LoadTimeWeaver setup: ignoring JPA class transformer
2024-08-14 13:56:32.792  INFO --- [           main] o.h.e.t.j.p.i.JtaPlatformInitiator       : HHH000489: No JTA platform available (set 'hibernate.transaction.jta.platform' to enable JTA platform integration)
2024-08-14 13:56:32.794  INFO --- [           main] j.LocalContainerEntityManagerFactoryBean : Initialized JPA EntityManagerFactory for persistence unit 'default'
2024-08-14 13:56:33.154  WARN --- [           main] JpaBaseConfiguration$JpaWebConfiguration : spring.jpa.open-in-view is enabled by default. Therefore, database queries may be performed during view rendering. Explicitly configure spring.jpa.open-in-view to disable this warning
2024-08-14 13:56:33.514  INFO --- [           main] ineShopForHomeAndGarden1ApplicationTests : Started OnlineShopForHomeAndGarden1ApplicationTests in 4.029 seconds (process running for 5.219)
2024-08-14 13:56:34.337  INFO --- [ionShutdownHook] j.LocalContainerEntityManagerFactoryBean : Closing JPA EntityManagerFactory for persistence unit 'default'
2024-08-14 13:56:34.340  INFO --- [ionShutdownHook] c.z.h.HikariDataSource                   : HikariPool-1 - Shutdown initiated...
2024-08-14 13:56:34.349  INFO --- [ionShutdownHook] c.z.h.HikariDataSource                   : HikariPool-1 - Shutdown completed.
2024-08-14 13:56:39.719  INFO --- [kground-preinit] o.h.v.i.u.Version                        : HV000001: Hibernate Validator 8.0.1.Final
2024-08-14 13:56:39.745  INFO --- [           main] o.OnlineShopForHomeAndGarden1Application : Starting OnlineShopForHomeAndGarden1Application using Java 21.0.1 with PID 21599 (/Users/maria/IdeaProjects/OnlineShopForHomeAndGarden/target/classes started by maria in /Users/maria/IdeaProjects/OnlineShopForHomeAndGarden)
2024-08-14 13:56:39.748  INFO --- [           main] o.OnlineShopForHomeAndGarden1Application : No active profile set, falling back to 1 default profile: "default"
2024-08-14 13:56:39.749 DEBUG --- [           main] o.s.b.SpringApplication                  : Loading source class de.telran.onlineshopforhomeandgarden1.OnlineShopForHomeAndGarden1Application
2024-08-14 13:56:39.776 DEBUG --- [           main] ConfigServletWebServerApplicationContext : Refreshing org.springframework.boot.web.servlet.context.AnnotationConfigServletWebServerApplicationContext@476aac9
2024-08-14 13:56:40.217  INFO --- [           main] .s.d.r.c.RepositoryConfigurationDelegate : Bootstrapping Spring Data JPA repositories in DEFAULT mode.
2024-08-14 13:56:40.283  INFO --- [           main] .s.d.r.c.RepositoryConfigurationDelegate : Finished Spring Data repository scanning in 61 ms. Found 8 JPA repository interfaces.
2024-08-14 13:56:40.603 DEBUG --- [           main] .s.b.w.e.t.TomcatServletWebServerFactory : Code archive: /Users/maria/.m2/repository/org/springframework/boot/spring-boot/3.3.2/spring-boot-3.3.2.jar
2024-08-14 13:56:40.604 DEBUG --- [           main] .s.b.w.e.t.TomcatServletWebServerFactory : Code archive: /Users/maria/.m2/repository/org/springframework/boot/spring-boot/3.3.2/spring-boot-3.3.2.jar
2024-08-14 13:56:40.604 DEBUG --- [           main] .s.b.w.e.t.TomcatServletWebServerFactory : None of the document roots [src/main/webapp, public, static] point to a directory and will be ignored.
2024-08-14 13:56:40.617  INFO --- [           main] o.s.b.w.e.t.TomcatWebServer              : Tomcat initialized with port 8080 (http)
2024-08-14 13:56:40.626  INFO --- [           main] o.a.c.h.Http11NioProtocol                : Initializing ProtocolHandler ["http-nio-8080"]
2024-08-14 13:56:40.628  INFO --- [           main] o.a.c.c.StandardService                  : Starting service [Tomcat]
2024-08-14 13:56:40.628  INFO --- [           main] o.a.c.c.StandardEngine                   : Starting Servlet engine: [Apache Tomcat/10.1.26]
2024-08-14 13:56:40.669  INFO --- [           main] o.a.c.c.C.[.[.[/]                        : Initializing Spring embedded WebApplicationContext
2024-08-14 13:56:40.669 DEBUG --- [           main] w.s.c.ServletWebServerApplicationContext : Published root WebApplicationContext as ServletContext attribute with name [org.springframework.web.context.WebApplicationContext.ROOT]
2024-08-14 13:56:40.669  INFO --- [           main] w.s.c.ServletWebServerApplicationContext : Root WebApplicationContext: initialization completed in 893 ms
2024-08-14 13:56:40.681 DEBUG --- [           main] o.s.b.w.s.ServletContextInitializerBeans : Mapping filters: characterEncodingFilter urls=[/*] order=-2147483648, formContentFilter urls=[/*] order=-9900, requestContextFilter urls=[/*] order=-105
2024-08-14 13:56:40.681 DEBUG --- [           main] o.s.b.w.s.ServletContextInitializerBeans : Mapping servlets: dispatcherServlet urls=[/]
2024-08-14 13:56:40.696 DEBUG --- [           main] o.s.b.w.s.f.OrderedRequestContextFilter  : Filter 'requestContextFilter' configured for use
2024-08-14 13:56:40.697 DEBUG --- [           main] s.b.w.s.f.OrderedCharacterEncodingFilter : Filter 'characterEncodingFilter' configured for use
2024-08-14 13:56:40.698 DEBUG --- [           main] o.s.b.w.s.f.OrderedFormContentFilter     : Filter 'formContentFilter' configured for use
2024-08-14 13:56:40.774  INFO --- [           main] c.z.h.HikariDataSource                   : HikariPool-1 - Starting...
2024-08-14 13:56:41.026  INFO --- [           main] c.z.h.p.HikariPool                       : HikariPool-1 - Added connection com.mysql.cj.jdbc.ConnectionImpl@27bc1d44
2024-08-14 13:56:41.027  INFO --- [           main] c.z.h.HikariDataSource                   : HikariPool-1 - Start completed.
2024-08-14 13:56:41.427  INFO --- [           main] l.changelog                              : Reading from OnlineApp.databasechangelog
2024-08-14 13:56:41.449  INFO --- [           main] l.ui                                     : Database is up to date, no changesets to execute
2024-08-14 13:56:41.451  INFO --- [           main] l.changelog                              : Reading from OnlineApp.databasechangelog
2024-08-14 13:56:41.457  INFO --- [           main] l.util                                   : UPDATE SUMMARY
2024-08-14 13:56:41.457  INFO --- [           main] l.util                                   : Run:                          0
2024-08-14 13:56:41.457  INFO --- [           main] l.util                                   : Previously run:               2
2024-08-14 13:56:41.457  INFO --- [           main] l.util                                   : Filtered out:                 0
2024-08-14 13:56:41.458  INFO --- [           main] l.util                                   : -------------------------------
2024-08-14 13:56:41.458  INFO --- [           main] l.util                                   : Total change sets:            2
2024-08-14 13:56:41.458  INFO --- [           main] l.util                                   : Update summary generated
2024-08-14 13:56:41.473  INFO --- [           main] l.lockservice                            : Successfully released change log lock
2024-08-14 13:56:41.475  INFO --- [           main] l.command                                : Command execution complete
2024-08-14 13:56:41.533  INFO --- [           main] o.h.j.i.u.LogHelper                      : HHH000204: Processing PersistenceUnitInfo [name: default]
2024-08-14 13:56:41.572  INFO --- [           main] o.h.Version                              : HHH000412: Hibernate ORM core version 6.5.2.Final
2024-08-14 13:56:41.596  INFO --- [           main] o.h.c.i.RegionFactoryInitiator           : HHH000026: Second-level cache disabled
2024-08-14 13:56:41.831  INFO --- [           main] o.s.o.j.p.SpringPersistenceUnitInfo      : No LoadTimeWeaver setup: ignoring JPA class transformer
2024-08-14 13:56:42.635  INFO --- [           main] o.h.e.t.j.p.i.JtaPlatformInitiator       : HHH000489: No JTA platform available (set 'hibernate.transaction.jta.platform' to enable JTA platform integration)
2024-08-14 13:56:42.637  INFO --- [           main] j.LocalContainerEntityManagerFactoryBean : Initialized JPA EntityManagerFactory for persistence unit 'default'
2024-08-14 13:56:42.867  WARN --- [           main] JpaBaseConfiguration$JpaWebConfiguration : spring.jpa.open-in-view is enabled by default. Therefore, database queries may be performed during view rendering. Explicitly configure spring.jpa.open-in-view to disable this warning
2024-08-14 13:56:42.931 DEBUG --- [           main] s.w.s.m.m.a.RequestMappingHandlerMapping : 5 mappings in 'requestMappingHandlerMapping'
2024-08-14 13:56:42.989 DEBUG --- [           main] o.s.w.s.h.SimpleUrlHandlerMapping        : Patterns [/webjars/**, /**] in 'resourceHandlerMapping'
2024-08-14 13:56:43.012 DEBUG --- [           main] s.w.s.m.m.a.RequestMappingHandlerAdapter : ControllerAdvice beans: 0 @ModelAttribute, 0 @InitBinder, 1 RequestBodyAdvice, 1 ResponseBodyAdvice
2024-08-14 13:56:43.036 DEBUG --- [           main] .m.m.a.ExceptionHandlerExceptionResolver : ControllerAdvice beans: 0 @ExceptionHandler, 1 ResponseBodyAdvice
2024-08-14 13:56:43.057 DEBUG --- [           main] inMXBeanRegistrar$SpringApplicationAdmin : Application Admin MBean registered with name 'org.springframework.boot:type=Admin,name=SpringApplication'
2024-08-14 13:56:43.171  INFO --- [           main] o.a.c.h.Http11NioProtocol                : Starting ProtocolHandler ["http-nio-8080"]
2024-08-14 13:56:43.176  WARN --- [           main] ConfigServletWebServerApplicationContext : Exception encountered during context initialization - cancelling refresh attempt: org.springframework.context.ApplicationContextException: Failed to start bean 'webServerStartStop'
2024-08-14 13:56:43.178  INFO --- [           main] j.LocalContainerEntityManagerFactoryBean : Closing JPA EntityManagerFactory for persistence unit 'default'
2024-08-14 13:56:43.179  INFO --- [           main] c.z.h.HikariDataSource                   : HikariPool-1 - Shutdown initiated...
2024-08-14 13:56:43.185  INFO --- [           main] c.z.h.HikariDataSource                   : HikariPool-1 - Shutdown completed.
2024-08-14 13:56:43.192  INFO --- [           main] .s.b.a.l.ConditionEvaluationReportLogger : 

Error starting ApplicationContext. To display the condition evaluation report re-run your application with 'debug' enabled.
2024-08-14 13:56:43.203 DEBUG --- [           main] o.s.b.d.LoggingFailureAnalysisReporter   : Application failed to start due to an exception
org.springframework.boot.web.server.PortInUseException: Port 8080 is already in use
	at org.springframework.boot.web.server.PortInUseException.lambda$throwIfPortBindingException$0(PortInUseException.java:70)
	at org.springframework.boot.web.server.PortInUseException.lambda$ifPortBindingException$1(PortInUseException.java:85)
	at org.springframework.boot.web.server.PortInUseException.ifCausedBy(PortInUseException.java:103)
	at org.springframework.boot.web.server.PortInUseException.ifPortBindingException(PortInUseException.java:82)
	at org.springframework.boot.web.server.PortInUseException.throwIfPortBindingException(PortInUseException.java:69)
	at org.springframework.boot.web.embedded.tomcat.TomcatWebServer.start(TomcatWebServer.java:250)
	at org.springframework.boot.web.servlet.context.WebServerStartStopLifecycle.start(WebServerStartStopLifecycle.java:44)
	at org.springframework.context.support.DefaultLifecycleProcessor.doStart(DefaultLifecycleProcessor.java:285)
	at org.springframework.context.support.DefaultLifecycleProcessor$LifecycleGroup.start(DefaultLifecycleProcessor.java:469)
	at java.base/java.lang.Iterable.forEach(Iterable.java:75)
	at org.springframework.context.support.DefaultLifecycleProcessor.startBeans(DefaultLifecycleProcessor.java:257)
	at org.springframework.context.support.DefaultLifecycleProcessor.onRefresh(DefaultLifecycleProcessor.java:202)
	at org.springframework.context.support.AbstractApplicationContext.finishRefresh(AbstractApplicationContext.java:990)
	at org.springframework.context.support.AbstractApplicationContext.refresh(AbstractApplicationContext.java:628)
	at org.springframework.boot.web.servlet.context.ServletWebServerApplicationContext.refresh(ServletWebServerApplicationContext.java:146)
	at org.springframework.boot.SpringApplication.refresh(SpringApplication.java:754)
	at org.springframework.boot.SpringApplication.refreshContext(SpringApplication.java:456)
	at org.springframework.boot.SpringApplication.run(SpringApplication.java:335)
	at org.springframework.boot.SpringApplication.run(SpringApplication.java:1363)
	at org.springframework.boot.SpringApplication.run(SpringApplication.java:1352)
	at de.telran.onlineshopforhomeandgarden1.OnlineShopForHomeAndGarden1Application.main(OnlineShopForHomeAndGarden1Application.java:10)
Caused by: java.lang.IllegalArgumentException: standardService.connector.startFailed
	at org.apache.catalina.core.StandardService.addConnector(StandardService.java:222)
	at org.springframework.boot.web.embedded.tomcat.TomcatWebServer.addPreviouslyRemovedConnectors(TomcatWebServer.java:310)
	at org.springframework.boot.web.embedded.tomcat.TomcatWebServer.start(TomcatWebServer.java:236)
	... 15 more
Caused by: org.apache.catalina.LifecycleException: Protocol handler start failed
	at org.apache.catalina.connector.Connector.startInternal(Connector.java:1061)
	at org.apache.catalina.util.LifecycleBase.start(LifecycleBase.java:164)
	at org.apache.catalina.core.StandardService.addConnector(StandardService.java:219)
	... 17 more
Caused by: java.net.BindException: Address already in use
	at java.base/sun.nio.ch.Net.bind0(Native Method)
	at java.base/sun.nio.ch.Net.bind(Net.java:565)
	at java.base/sun.nio.ch.ServerSocketChannelImpl.netBind(ServerSocketChannelImpl.java:344)
	at java.base/sun.nio.ch.ServerSocketChannelImpl.bind(ServerSocketChannelImpl.java:301)
	at org.apache.tomcat.util.net.NioEndpoint.initServerSocket(NioEndpoint.java:239)
	at org.apache.tomcat.util.net.NioEndpoint.bind(NioEndpoint.java:194)
	at org.apache.tomcat.util.net.AbstractEndpoint.bindWithCleanup(AbstractEndpoint.java:1304)
	at org.apache.tomcat.util.net.AbstractEndpoint.start(AbstractEndpoint.java:1390)
	at org.apache.coyote.AbstractProtocol.start(AbstractProtocol.java:643)
	at org.apache.catalina.connector.Connector.startInternal(Connector.java:1058)
	... 19 more
2024-08-14 13:56:43.204 ERROR --- [           main] o.s.b.d.LoggingFailureAnalysisReporter   : 

***************************
APPLICATION FAILED TO START
***************************

Description:

Web server failed to start. Port 8080 was already in use.

Action:

Identify and stop the process that's listening on port 8080 or configure this application to listen on another port.

2024-08-14 13:58:11.348  INFO --- [kground-preinit] o.h.v.i.u.Version                        : HV000001: Hibernate Validator 8.0.1.Final
2024-08-14 13:58:11.370  INFO --- [           main] o.OnlineShopForHomeAndGarden1Application : Starting OnlineShopForHomeAndGarden1Application using Java 21.0.1 with PID 21625 (/Users/maria/IdeaProjects/OnlineShopForHomeAndGarden/target/classes started by maria in /Users/maria/IdeaProjects/OnlineShopForHomeAndGarden)
2024-08-14 13:58:11.373  INFO --- [           main] o.OnlineShopForHomeAndGarden1Application : No active profile set, falling back to 1 default profile: "default"
2024-08-14 13:58:11.373 DEBUG --- [           main] o.s.b.SpringApplication                  : Loading source class de.telran.onlineshopforhomeandgarden1.OnlineShopForHomeAndGarden1Application
2024-08-14 13:58:11.399 DEBUG --- [           main] ConfigServletWebServerApplicationContext : Refreshing org.springframework.boot.web.servlet.context.AnnotationConfigServletWebServerApplicationContext@60cf80e7
2024-08-14 13:58:11.818  INFO --- [           main] .s.d.r.c.RepositoryConfigurationDelegate : Bootstrapping Spring Data JPA repositories in DEFAULT mode.
2024-08-14 13:58:11.874  INFO --- [           main] .s.d.r.c.RepositoryConfigurationDelegate : Finished Spring Data repository scanning in 51 ms. Found 8 JPA repository interfaces.
2024-08-14 13:58:12.202 DEBUG --- [           main] .s.b.w.e.t.TomcatServletWebServerFactory : Code archive: /Users/maria/.m2/repository/org/springframework/boot/spring-boot/3.3.2/spring-boot-3.3.2.jar
2024-08-14 13:58:12.202 DEBUG --- [           main] .s.b.w.e.t.TomcatServletWebServerFactory : Code archive: /Users/maria/.m2/repository/org/springframework/boot/spring-boot/3.3.2/spring-boot-3.3.2.jar
2024-08-14 13:58:12.202 DEBUG --- [           main] .s.b.w.e.t.TomcatServletWebServerFactory : None of the document roots [src/main/webapp, public, static] point to a directory and will be ignored.
2024-08-14 13:58:12.216  INFO --- [           main] o.s.b.w.e.t.TomcatWebServer              : Tomcat initialized with port 8080 (http)
2024-08-14 13:58:12.225  INFO --- [           main] o.a.c.h.Http11NioProtocol                : Initializing ProtocolHandler ["http-nio-8080"]
2024-08-14 13:58:12.227  INFO --- [           main] o.a.c.c.StandardService                  : Starting service [Tomcat]
2024-08-14 13:58:12.227  INFO --- [           main] o.a.c.c.StandardEngine                   : Starting Servlet engine: [Apache Tomcat/10.1.26]
2024-08-14 13:58:12.258  INFO --- [           main] o.a.c.c.C.[.[.[/]                        : Initializing Spring embedded WebApplicationContext
2024-08-14 13:58:12.258 DEBUG --- [           main] w.s.c.ServletWebServerApplicationContext : Published root WebApplicationContext as ServletContext attribute with name [org.springframework.web.context.WebApplicationContext.ROOT]
2024-08-14 13:58:12.260  INFO --- [           main] w.s.c.ServletWebServerApplicationContext : Root WebApplicationContext: initialization completed in 860 ms
2024-08-14 13:58:12.271 DEBUG --- [           main] o.s.b.w.s.ServletContextInitializerBeans : Mapping filters: characterEncodingFilter urls=[/*] order=-2147483648, formContentFilter urls=[/*] order=-9900, requestContextFilter urls=[/*] order=-105
2024-08-14 13:58:12.271 DEBUG --- [           main] o.s.b.w.s.ServletContextInitializerBeans : Mapping servlets: dispatcherServlet urls=[/]
2024-08-14 13:58:12.286 DEBUG --- [           main] o.s.b.w.s.f.OrderedRequestContextFilter  : Filter 'requestContextFilter' configured for use
2024-08-14 13:58:12.288 DEBUG --- [           main] s.b.w.s.f.OrderedCharacterEncodingFilter : Filter 'characterEncodingFilter' configured for use
2024-08-14 13:58:12.288 DEBUG --- [           main] o.s.b.w.s.f.OrderedFormContentFilter     : Filter 'formContentFilter' configured for use
2024-08-14 13:58:12.363  INFO --- [           main] c.z.h.HikariDataSource                   : HikariPool-1 - Starting...
2024-08-14 13:58:12.622  INFO --- [           main] c.z.h.p.HikariPool                       : HikariPool-1 - Added connection com.mysql.cj.jdbc.ConnectionImpl@5d1a859c
2024-08-14 13:58:12.623  INFO --- [           main] c.z.h.HikariDataSource                   : HikariPool-1 - Start completed.
2024-08-14 13:58:12.944  INFO --- [           main] l.changelog                              : Creating database history table with name: OnlineApp.databasechangelog
2024-08-14 13:58:13.013  INFO --- [           main] l.changelog                              : Reading from OnlineApp.databasechangelog
2024-08-14 13:58:13.070  INFO --- [           main] l.lockservice                            : Successfully acquired change log lock
2024-08-14 13:58:13.071  INFO --- [           main] l.command                                : Using deploymentId: 3636693070
2024-08-14 13:58:13.072  INFO --- [           main] l.changelog                              : Reading from OnlineApp.databasechangelog
2024-08-14 13:58:13.078  INFO --- [           main] l.ui                                     : Running Changeset: db/migrations/001_schema.sql::001::maria
2024-08-14 13:58:13.100  WARN --- [           main] l.executor                               : 'utf8' is currently an alias for the character set UTF8MB3, but will be an alias for UTF8MB4 in a future release. Please consider using UTF8MB4 in order to be unambiguous.
2024-08-14 13:58:13.100  WARN --- [           main] l.executor                               : Can't create database 'OnlineApp'; database exists
2024-08-14 13:58:13.166  INFO --- [           main] l.changelog                              : Custom SQL executed
2024-08-14 13:58:13.168  INFO --- [           main] l.changelog                              : ChangeSet db/migrations/001_schema.sql::001::maria ran successfully in 88ms
2024-08-14 13:58:13.174  INFO --- [           main] l.ui                                     : Running Changeset: db/migrations/002_data.sql::002::maria
2024-08-14 13:58:13.188  WARN --- [           main] l.executor                               : Data truncated for column 'price' at row 2
2024-08-14 13:58:13.188  WARN --- [           main] l.executor                               : Data truncated for column 'price' at row 9
2024-08-14 13:58:13.199  WARN --- [           main] l.executor                               : Data truncated for column 'price_at_purchase' at row 1
2024-08-14 13:58:13.199  WARN --- [           main] l.executor                               : Data truncated for column 'price_at_purchase' at row 5
2024-08-14 13:58:13.199  INFO --- [           main] l.changelog                              : Custom SQL executed
2024-08-14 13:58:13.200  INFO --- [           main] l.changelog                              : ChangeSet db/migrations/002_data.sql::002::maria ran successfully in 25ms
2024-08-14 13:58:13.208  INFO --- [           main] l.util                                   : UPDATE SUMMARY
2024-08-14 13:58:13.209  INFO --- [           main] l.util                                   : Run:                          2
2024-08-14 13:58:13.209  INFO --- [           main] l.util                                   : Previously run:               0
2024-08-14 13:58:13.209  INFO --- [           main] l.util                                   : Filtered out:                 0
2024-08-14 13:58:13.209  INFO --- [           main] l.util                                   : -------------------------------
2024-08-14 13:58:13.209  INFO --- [           main] l.util                                   : Total change sets:            2
2024-08-14 13:58:13.210  INFO --- [           main] l.util                                   : Update summary generated
2024-08-14 13:58:13.212  INFO --- [           main] l.command                                : Update command completed successfully.
2024-08-14 13:58:13.213  INFO --- [           main] l.ui                                     : Liquibase: Update has been successful. Rows affected: 54
2024-08-14 13:58:13.216  INFO --- [           main] l.lockservice                            : Successfully released change log lock
2024-08-14 13:58:13.217  INFO --- [           main] l.command                                : Command execution complete
2024-08-14 13:58:13.275  INFO --- [           main] o.h.j.i.u.LogHelper                      : HHH000204: Processing PersistenceUnitInfo [name: default]
2024-08-14 13:58:13.314  INFO --- [           main] o.h.Version                              : HHH000412: Hibernate ORM core version 6.5.2.Final
2024-08-14 13:58:13.337  INFO --- [           main] o.h.c.i.RegionFactoryInitiator           : HHH000026: Second-level cache disabled
2024-08-14 13:58:13.566  INFO --- [           main] o.s.o.j.p.SpringPersistenceUnitInfo      : No LoadTimeWeaver setup: ignoring JPA class transformer
2024-08-14 13:58:14.364  INFO --- [           main] o.h.e.t.j.p.i.JtaPlatformInitiator       : HHH000489: No JTA platform available (set 'hibernate.transaction.jta.platform' to enable JTA platform integration)
2024-08-14 13:58:14.366  INFO --- [           main] j.LocalContainerEntityManagerFactoryBean : Initialized JPA EntityManagerFactory for persistence unit 'default'
2024-08-14 13:58:14.594  WARN --- [           main] JpaBaseConfiguration$JpaWebConfiguration : spring.jpa.open-in-view is enabled by default. Therefore, database queries may be performed during view rendering. Explicitly configure spring.jpa.open-in-view to disable this warning
2024-08-14 13:58:14.662 DEBUG --- [           main] s.w.s.m.m.a.RequestMappingHandlerMapping : 5 mappings in 'requestMappingHandlerMapping'
2024-08-14 13:58:14.726 DEBUG --- [           main] o.s.w.s.h.SimpleUrlHandlerMapping        : Patterns [/webjars/**, /**] in 'resourceHandlerMapping'
2024-08-14 13:58:14.751 DEBUG --- [           main] s.w.s.m.m.a.RequestMappingHandlerAdapter : ControllerAdvice beans: 0 @ModelAttribute, 0 @InitBinder, 1 RequestBodyAdvice, 1 ResponseBodyAdvice
2024-08-14 13:58:14.778 DEBUG --- [           main] .m.m.a.ExceptionHandlerExceptionResolver : ControllerAdvice beans: 0 @ExceptionHandler, 1 ResponseBodyAdvice
2024-08-14 13:58:14.799 DEBUG --- [           main] inMXBeanRegistrar$SpringApplicationAdmin : Application Admin MBean registered with name 'org.springframework.boot:type=Admin,name=SpringApplication'
2024-08-14 13:58:14.900  INFO --- [           main] o.a.c.h.Http11NioProtocol                : Starting ProtocolHandler ["http-nio-8080"]
2024-08-14 13:58:14.905  WARN --- [           main] ConfigServletWebServerApplicationContext : Exception encountered during context initialization - cancelling refresh attempt: org.springframework.context.ApplicationContextException: Failed to start bean 'webServerStartStop'
2024-08-14 13:58:14.907  INFO --- [           main] j.LocalContainerEntityManagerFactoryBean : Closing JPA EntityManagerFactory for persistence unit 'default'
2024-08-14 13:58:14.908  INFO --- [           main] c.z.h.HikariDataSource                   : HikariPool-1 - Shutdown initiated...
2024-08-14 13:58:14.913  INFO --- [           main] c.z.h.HikariDataSource                   : HikariPool-1 - Shutdown completed.
2024-08-14 13:58:14.921  INFO --- [           main] .s.b.a.l.ConditionEvaluationReportLogger : 

Error starting ApplicationContext. To display the condition evaluation report re-run your application with 'debug' enabled.
2024-08-14 13:58:14.932 DEBUG --- [           main] o.s.b.d.LoggingFailureAnalysisReporter   : Application failed to start due to an exception
org.springframework.boot.web.server.PortInUseException: Port 8080 is already in use
	at org.springframework.boot.web.server.PortInUseException.lambda$throwIfPortBindingException$0(PortInUseException.java:70)
	at org.springframework.boot.web.server.PortInUseException.lambda$ifPortBindingException$1(PortInUseException.java:85)
	at org.springframework.boot.web.server.PortInUseException.ifCausedBy(PortInUseException.java:103)
	at org.springframework.boot.web.server.PortInUseException.ifPortBindingException(PortInUseException.java:82)
	at org.springframework.boot.web.server.PortInUseException.throwIfPortBindingException(PortInUseException.java:69)
	at org.springframework.boot.web.embedded.tomcat.TomcatWebServer.start(TomcatWebServer.java:250)
	at org.springframework.boot.web.servlet.context.WebServerStartStopLifecycle.start(WebServerStartStopLifecycle.java:44)
	at org.springframework.context.support.DefaultLifecycleProcessor.doStart(DefaultLifecycleProcessor.java:285)
	at org.springframework.context.support.DefaultLifecycleProcessor$LifecycleGroup.start(DefaultLifecycleProcessor.java:469)
	at java.base/java.lang.Iterable.forEach(Iterable.java:75)
	at org.springframework.context.support.DefaultLifecycleProcessor.startBeans(DefaultLifecycleProcessor.java:257)
	at org.springframework.context.support.DefaultLifecycleProcessor.onRefresh(DefaultLifecycleProcessor.java:202)
	at org.springframework.context.support.AbstractApplicationContext.finishRefresh(AbstractApplicationContext.java:990)
	at org.springframework.context.support.AbstractApplicationContext.refresh(AbstractApplicationContext.java:628)
	at org.springframework.boot.web.servlet.context.ServletWebServerApplicationContext.refresh(ServletWebServerApplicationContext.java:146)
	at org.springframework.boot.SpringApplication.refresh(SpringApplication.java:754)
	at org.springframework.boot.SpringApplication.refreshContext(SpringApplication.java:456)
	at org.springframework.boot.SpringApplication.run(SpringApplication.java:335)
	at org.springframework.boot.SpringApplication.run(SpringApplication.java:1363)
	at org.springframework.boot.SpringApplication.run(SpringApplication.java:1352)
	at de.telran.onlineshopforhomeandgarden1.OnlineShopForHomeAndGarden1Application.main(OnlineShopForHomeAndGarden1Application.java:10)
Caused by: java.lang.IllegalArgumentException: standardService.connector.startFailed
	at org.apache.catalina.core.StandardService.addConnector(StandardService.java:222)
	at org.springframework.boot.web.embedded.tomcat.TomcatWebServer.addPreviouslyRemovedConnectors(TomcatWebServer.java:310)
	at org.springframework.boot.web.embedded.tomcat.TomcatWebServer.start(TomcatWebServer.java:236)
	... 15 more
Caused by: org.apache.catalina.LifecycleException: Protocol handler start failed
	at org.apache.catalina.connector.Connector.startInternal(Connector.java:1061)
	at org.apache.catalina.util.LifecycleBase.start(LifecycleBase.java:164)
	at org.apache.catalina.core.StandardService.addConnector(StandardService.java:219)
	... 17 more
Caused by: java.net.BindException: Address already in use
	at java.base/sun.nio.ch.Net.bind0(Native Method)
	at java.base/sun.nio.ch.Net.bind(Net.java:565)
	at java.base/sun.nio.ch.ServerSocketChannelImpl.netBind(ServerSocketChannelImpl.java:344)
	at java.base/sun.nio.ch.ServerSocketChannelImpl.bind(ServerSocketChannelImpl.java:301)
	at org.apache.tomcat.util.net.NioEndpoint.initServerSocket(NioEndpoint.java:239)
	at org.apache.tomcat.util.net.NioEndpoint.bind(NioEndpoint.java:194)
	at org.apache.tomcat.util.net.AbstractEndpoint.bindWithCleanup(AbstractEndpoint.java:1304)
	at org.apache.tomcat.util.net.AbstractEndpoint.start(AbstractEndpoint.java:1390)
	at org.apache.coyote.AbstractProtocol.start(AbstractProtocol.java:643)
	at org.apache.catalina.connector.Connector.startInternal(Connector.java:1058)
	... 19 more
2024-08-14 13:58:14.932 ERROR --- [           main] o.s.b.d.LoggingFailureAnalysisReporter   : 

***************************
APPLICATION FAILED TO START
***************************

Description:

Web server failed to start. Port 8080 was already in use.

Action:

Identify and stop the process that's listening on port 8080 or configure this application to listen on another port.

2024-08-14 13:58:32.674  INFO --- [kground-preinit] o.h.v.i.u.Version                        : HV000001: Hibernate Validator 8.0.1.Final
2024-08-14 13:58:32.699  INFO --- [           main] o.OnlineShopForHomeAndGarden1Application : Starting OnlineShopForHomeAndGarden1Application using Java 21.0.1 with PID 21635 (/Users/maria/IdeaProjects/OnlineShopForHomeAndGarden/target/classes started by maria in /Users/maria/IdeaProjects/OnlineShopForHomeAndGarden)
2024-08-14 13:58:32.702  INFO --- [           main] o.OnlineShopForHomeAndGarden1Application : No active profile set, falling back to 1 default profile: "default"
2024-08-14 13:58:32.703 DEBUG --- [           main] o.s.b.SpringApplication                  : Loading source class de.telran.onlineshopforhomeandgarden1.OnlineShopForHomeAndGarden1Application
2024-08-14 13:58:32.729 DEBUG --- [           main] ConfigServletWebServerApplicationContext : Refreshing org.springframework.boot.web.servlet.context.AnnotationConfigServletWebServerApplicationContext@476aac9
2024-08-14 13:58:33.170  INFO --- [           main] .s.d.r.c.RepositoryConfigurationDelegate : Bootstrapping Spring Data JPA repositories in DEFAULT mode.
2024-08-14 13:58:33.235  INFO --- [           main] .s.d.r.c.RepositoryConfigurationDelegate : Finished Spring Data repository scanning in 59 ms. Found 8 JPA repository interfaces.
2024-08-14 13:58:33.558 DEBUG --- [           main] .s.b.w.e.t.TomcatServletWebServerFactory : Code archive: /Users/maria/.m2/repository/org/springframework/boot/spring-boot/3.3.2/spring-boot-3.3.2.jar
2024-08-14 13:58:33.559 DEBUG --- [           main] .s.b.w.e.t.TomcatServletWebServerFactory : Code archive: /Users/maria/.m2/repository/org/springframework/boot/spring-boot/3.3.2/spring-boot-3.3.2.jar
2024-08-14 13:58:33.559 DEBUG --- [           main] .s.b.w.e.t.TomcatServletWebServerFactory : None of the document roots [src/main/webapp, public, static] point to a directory and will be ignored.
2024-08-14 13:58:33.573  INFO --- [           main] o.s.b.w.e.t.TomcatWebServer              : Tomcat initialized with port 8080 (http)
2024-08-14 13:58:33.582  INFO --- [           main] o.a.c.h.Http11NioProtocol                : Initializing ProtocolHandler ["http-nio-8080"]
2024-08-14 13:58:33.583  INFO --- [           main] o.a.c.c.StandardService                  : Starting service [Tomcat]
2024-08-14 13:58:33.583  INFO --- [           main] o.a.c.c.StandardEngine                   : Starting Servlet engine: [Apache Tomcat/10.1.26]
2024-08-14 13:58:33.625  INFO --- [           main] o.a.c.c.C.[.[.[/]                        : Initializing Spring embedded WebApplicationContext
2024-08-14 13:58:33.626 DEBUG --- [           main] w.s.c.ServletWebServerApplicationContext : Published root WebApplicationContext as ServletContext attribute with name [org.springframework.web.context.WebApplicationContext.ROOT]
2024-08-14 13:58:33.626  INFO --- [           main] w.s.c.ServletWebServerApplicationContext : Root WebApplicationContext: initialization completed in 897 ms
2024-08-14 13:58:33.637 DEBUG --- [           main] o.s.b.w.s.ServletContextInitializerBeans : Mapping filters: characterEncodingFilter urls=[/*] order=-2147483648, formContentFilter urls=[/*] order=-9900, requestContextFilter urls=[/*] order=-105
2024-08-14 13:58:33.638 DEBUG --- [           main] o.s.b.w.s.ServletContextInitializerBeans : Mapping servlets: dispatcherServlet urls=[/]
2024-08-14 13:58:33.653 DEBUG --- [           main] o.s.b.w.s.f.OrderedRequestContextFilter  : Filter 'requestContextFilter' configured for use
2024-08-14 13:58:33.655 DEBUG --- [           main] s.b.w.s.f.OrderedCharacterEncodingFilter : Filter 'characterEncodingFilter' configured for use
2024-08-14 13:58:33.655 DEBUG --- [           main] o.s.b.w.s.f.OrderedFormContentFilter     : Filter 'formContentFilter' configured for use
2024-08-14 13:58:33.732  INFO --- [           main] c.z.h.HikariDataSource                   : HikariPool-1 - Starting...
2024-08-14 13:58:33.992  INFO --- [           main] c.z.h.p.HikariPool                       : HikariPool-1 - Added connection com.mysql.cj.jdbc.ConnectionImpl@762a10b6
2024-08-14 13:58:33.993  INFO --- [           main] c.z.h.HikariDataSource                   : HikariPool-1 - Start completed.
2024-08-14 13:58:34.387  INFO --- [           main] l.changelog                              : Reading from OnlineApp.databasechangelog
2024-08-14 13:58:34.408  INFO --- [           main] l.ui                                     : Database is up to date, no changesets to execute
2024-08-14 13:58:34.410  INFO --- [           main] l.changelog                              : Reading from OnlineApp.databasechangelog
2024-08-14 13:58:34.417  INFO --- [           main] l.util                                   : UPDATE SUMMARY
2024-08-14 13:58:34.417  INFO --- [           main] l.util                                   : Run:                          0
2024-08-14 13:58:34.417  INFO --- [           main] l.util                                   : Previously run:               2
2024-08-14 13:58:34.417  INFO --- [           main] l.util                                   : Filtered out:                 0
2024-08-14 13:58:34.418  INFO --- [           main] l.util                                   : -------------------------------
2024-08-14 13:58:34.418  INFO --- [           main] l.util                                   : Total change sets:            2
2024-08-14 13:58:34.418  INFO --- [           main] l.util                                   : Update summary generated
2024-08-14 13:58:34.434  INFO --- [           main] l.lockservice                            : Successfully released change log lock
2024-08-14 13:58:34.435  INFO --- [           main] l.command                                : Command execution complete
2024-08-14 13:58:34.490  INFO --- [           main] o.h.j.i.u.LogHelper                      : HHH000204: Processing PersistenceUnitInfo [name: default]
2024-08-14 13:58:34.529  INFO --- [           main] o.h.Version                              : HHH000412: Hibernate ORM core version 6.5.2.Final
2024-08-14 13:58:34.552  INFO --- [           main] o.h.c.i.RegionFactoryInitiator           : HHH000026: Second-level cache disabled
2024-08-14 13:58:34.783  INFO --- [           main] o.s.o.j.p.SpringPersistenceUnitInfo      : No LoadTimeWeaver setup: ignoring JPA class transformer
2024-08-14 13:58:35.606  INFO --- [           main] o.h.e.t.j.p.i.JtaPlatformInitiator       : HHH000489: No JTA platform available (set 'hibernate.transaction.jta.platform' to enable JTA platform integration)
2024-08-14 13:58:35.609  INFO --- [           main] j.LocalContainerEntityManagerFactoryBean : Initialized JPA EntityManagerFactory for persistence unit 'default'
2024-08-14 13:58:35.836  WARN --- [           main] JpaBaseConfiguration$JpaWebConfiguration : spring.jpa.open-in-view is enabled by default. Therefore, database queries may be performed during view rendering. Explicitly configure spring.jpa.open-in-view to disable this warning
2024-08-14 13:58:35.900 DEBUG --- [           main] s.w.s.m.m.a.RequestMappingHandlerMapping : 5 mappings in 'requestMappingHandlerMapping'
2024-08-14 13:58:35.959 DEBUG --- [           main] o.s.w.s.h.SimpleUrlHandlerMapping        : Patterns [/webjars/**, /**] in 'resourceHandlerMapping'
2024-08-14 13:58:35.982 DEBUG --- [           main] s.w.s.m.m.a.RequestMappingHandlerAdapter : ControllerAdvice beans: 0 @ModelAttribute, 0 @InitBinder, 1 RequestBodyAdvice, 1 ResponseBodyAdvice
2024-08-14 13:58:36.006 DEBUG --- [           main] .m.m.a.ExceptionHandlerExceptionResolver : ControllerAdvice beans: 0 @ExceptionHandler, 1 ResponseBodyAdvice
2024-08-14 13:58:36.027 DEBUG --- [           main] inMXBeanRegistrar$SpringApplicationAdmin : Application Admin MBean registered with name 'org.springframework.boot:type=Admin,name=SpringApplication'
2024-08-14 13:58:36.142  INFO --- [           main] o.a.c.h.Http11NioProtocol                : Starting ProtocolHandler ["http-nio-8080"]
2024-08-14 13:58:36.155  INFO --- [           main] o.s.b.w.e.t.TomcatWebServer              : Tomcat started on port 8080 (http) with context path '/'
2024-08-14 13:58:36.161  INFO --- [           main] o.OnlineShopForHomeAndGarden1Application : Started OnlineShopForHomeAndGarden1Application in 3.7 seconds (process running for 4.502)
2024-08-14 13:58:36.162 DEBUG --- [           main] o.s.b.a.ApplicationAvailabilityBean      : Application availability state LivenessState changed to CORRECT
2024-08-14 13:58:36.163 DEBUG --- [           main] o.s.b.a.ApplicationAvailabilityBean      : Application availability state ReadinessState changed to ACCEPTING_TRAFFIC
2024-08-14 13:59:06.122  INFO --- [nio-8080-exec-2] o.a.c.c.C.[.[.[/]                        : Initializing Spring DispatcherServlet 'dispatcherServlet'
2024-08-14 13:59:06.123  INFO --- [nio-8080-exec-2] o.s.w.s.DispatcherServlet                : Initializing Servlet 'dispatcherServlet'
2024-08-14 13:59:06.123 DEBUG --- [nio-8080-exec-2] o.s.w.s.DispatcherServlet                : Detected StandardServletMultipartResolver
2024-08-14 13:59:06.123 DEBUG --- [nio-8080-exec-2] o.s.w.s.DispatcherServlet                : Detected AcceptHeaderLocaleResolver
2024-08-14 13:59:06.123 DEBUG --- [nio-8080-exec-2] o.s.w.s.DispatcherServlet                : Detected FixedThemeResolver
2024-08-14 13:59:06.124 DEBUG --- [nio-8080-exec-2] o.s.w.s.DispatcherServlet                : Detected org.springframework.web.servlet.view.DefaultRequestToViewNameTranslator@7a80b2e6
2024-08-14 13:59:06.124 DEBUG --- [nio-8080-exec-2] o.s.w.s.DispatcherServlet                : Detected org.springframework.web.servlet.support.SessionFlashMapManager@1eff74f2
2024-08-14 13:59:06.125 DEBUG --- [nio-8080-exec-2] o.s.w.s.DispatcherServlet                : enableLoggingRequestDetails='false': request parameters and headers will be masked to prevent unsafe logging of potentially sensitive data
2024-08-14 13:59:06.125  INFO --- [nio-8080-exec-2] o.s.w.s.DispatcherServlet                : Completed initialization in 2 ms
2024-08-14 13:59:06.132 DEBUG --- [nio-8080-exec-2] o.s.w.s.DispatcherServlet                : GET "/orders", parameters={}
2024-08-14 13:59:06.140 DEBUG --- [nio-8080-exec-2] s.w.s.m.m.a.RequestMappingHandlerMapping : Mapped to de.telran.onlineshopforhomeandgarden1.controller.OrderController#getAll()
2024-08-14 13:59:06.265 DEBUG --- [nio-8080-exec-2] o.h.SQL                                  : 
    select
        o1_0.order_id,
        o1_0.contact_phone,
        o1_0.created_at,
        o1_0.delivery_address,
        o1_0.delivery_method,
        o1_0.status,
        o1_0.updated_at,
        o1_0.user_id 
    from
        orders o1_0
2024-08-14 13:59:06.293 DEBUG --- [nio-8080-exec-2] o.h.SQL                                  : 
    select
        u1_0.user_id,
        u1_0.email,
        u1_0.name,
        u1_0.password_hash,
        u1_0.phone_number,
        u1_0.role 
    from
        users u1_0 
    where
        u1_0.user_id=?
2024-08-14 13:59:06.297 DEBUG --- [nio-8080-exec-2] o.h.SQL                                  : 
    select
        u1_0.user_id,
        u1_0.email,
        u1_0.name,
        u1_0.password_hash,
        u1_0.phone_number,
        u1_0.role 
    from
        users u1_0 
    where
        u1_0.user_id=?
2024-08-14 13:59:06.299 DEBUG --- [nio-8080-exec-2] o.h.SQL                                  : 
    select
        u1_0.user_id,
        u1_0.email,
        u1_0.name,
        u1_0.password_hash,
        u1_0.phone_number,
        u1_0.role 
    from
        users u1_0 
    where
        u1_0.user_id=?
2024-08-14 13:59:06.300 DEBUG --- [nio-8080-exec-2] o.h.SQL                                  : 
    select
        u1_0.user_id,
        u1_0.email,
        u1_0.name,
        u1_0.password_hash,
        u1_0.phone_number,
        u1_0.role 
    from
        users u1_0 
    where
        u1_0.user_id=?
2024-08-14 13:59:06.301 DEBUG --- [nio-8080-exec-2] o.h.SQL                                  : 
    select
        u1_0.user_id,
        u1_0.email,
        u1_0.name,
        u1_0.password_hash,
        u1_0.phone_number,
        u1_0.role 
    from
        users u1_0 
    where
        u1_0.user_id=?
2024-08-14 13:59:06.315 DEBUG --- [nio-8080-exec-2] m.m.a.RequestResponseBodyMethodProcessor : Using 'application/json', given [*/*] and supported [application/json, application/*+json]
2024-08-14 13:59:06.316 DEBUG --- [nio-8080-exec-2] m.m.a.RequestResponseBodyMethodProcessor : Writing [[de.telran.onlineshopforhomeandgarden1.dto.OrderDto@2b18a367, de.telran.onlineshopforhomeandgarden1. (truncated)...]
2024-08-14 13:59:06.362 DEBUG --- [nio-8080-exec-2] o.s.w.s.DispatcherServlet                : Completed 200 OK
2024-08-14 13:59:26.560 DEBUG --- [ionShutdownHook] o.s.b.a.ApplicationAvailabilityBean      : Application availability state ReadinessState changed from ACCEPTING_TRAFFIC to REFUSING_TRAFFIC
2024-08-14 13:59:26.560 DEBUG --- [ionShutdownHook] ConfigServletWebServerApplicationContext : Closing org.springframework.boot.web.servlet.context.AnnotationConfigServletWebServerApplicationContext@476aac9, started on Wed Aug 14 13:58:32 CEST 2024
2024-08-14 13:59:26.567  INFO --- [ionShutdownHook] j.LocalContainerEntityManagerFactoryBean : Closing JPA EntityManagerFactory for persistence unit 'default'
2024-08-14 13:59:26.568  INFO --- [ionShutdownHook] c.z.h.HikariDataSource                   : HikariPool-1 - Shutdown initiated...
2024-08-14 13:59:26.573  INFO --- [ionShutdownHook] c.z.h.HikariDataSource                   : HikariPool-1 - Shutdown completed.
